{
  "RSpec": {
    "coverage": {
      "/home/nghiadk/workshop/user-login-unit-test/app/models/user.rb": [
        1,
        1,
        null,
        null,
        1,
        1,
        null,
        null
      ],
      "/home/nghiadk/workshop/user-login-unit-test/app/models/application_record.rb": [
        1,
        1,
        null
      ],
      "/home/nghiadk/workshop/user-login-unit-test/app/helpers/application_helper.rb": [
        1,
        null
      ],
      "/home/nghiadk/workshop/user-login-unit-test/app/controllers/application_controller.rb": [
        1,
        1,
        null,
        1,
        null,
        1,
        0,
        null,
        null
      ],
      "/home/nghiadk/workshop/user-login-unit-test/app/controllers/pages_controller.rb": [
        1,
        1,
        null
      ]
    },
    "timestamp": 1512736854
  }
}
